tbxml/build/outputs/logs/manifest-merger-debug-report.txt
-- Merging decision tree log ---
manifest
ADDED from src/main/AndroidManifest.xml:2:1-7:12
INJECTED from src/main/AndroidManifest.xml:2:1-7:12
INJECTED from src/main/AndroidManifest.xml:2:1-7:12
INJECTED from src/main/AndroidManifest.xml:2:1-7:12
INJECTED from src/main/AndroidManifest.xml:2:1-7:12
INJECTED from src/main/AndroidManifest.xml:2:1-7:12
INJECTED from src/main/AndroidManifest.xml:2:1-7:12
	package
		ADDED from src/main/AndroidManifest.xml:3:11-32
		INJECTED from src/main/AndroidManifest.xml
		INJECTED from src/main/AndroidManifest.xml
	android:versionName
		INJECTED from src/main/AndroidManifest.xml
		ADDED from src/main/AndroidManifest.xml:2:1-7:12
		INJECTED from src/main/AndroidManifest.xml
	android:versionCode
		INJECTED from src/main/AndroidManifest.xml
		ADDED from src/main/AndroidManifest.xml:2:1-7:12
		INJECTED from src/main/AndroidManifest.xml
	xmlns:android
		ADDED from src/main/AndroidManifest.xml:2:11-69
uses-sdk
ADDED from src/main/AndroidManifest.xml:5:2-71
INJECTED from src/main/AndroidManifest.xml:5:2-71
INJECTED from src/main/AndroidManifest.xml:5:2-71
	android:targetSdkVersion
		ADDED from src/main/AndroidManifest.xml:5:39-68
	android:minSdkVersion
		ADDED from src/main/AndroidManifest.xml:5:12-38
		INJECTED from src/main/AndroidManifest.xml
		INJECTED from src/main/AndroidManifest.xml